JvmtiExport can_access_local_variables 0
JvmtiExport can_hotswap_or_post_breakpoint 0
JvmtiExport can_post_on_exceptions 0
# 285 ciObject found
instanceKlass com/fasterxml/jackson/core/util/TextBuffer
instanceKlass com/fasterxml/jackson/core/json/ByteSourceJsonBootstrapper
instanceKlass com/netflix/discovery/shared/transport/EurekaHttpResponse$EurekaHttpResponseBuilder
instanceKlass javax/ws/rs/core/Response$StatusType
instanceKlass com/sun/jersey/api/client/Statuses
instanceKlass org/apache/http/client/methods/CloseableHttpResponse
instanceKlass org/apache/http/impl/client/CloseableHttpResponseProxy
instanceKlass org/apache/http/conn/EofSensorWatcher
instanceKlass org/apache/http/impl/auth/HttpAuthenticator$1
instanceKlass org/apache/http/message/BasicHeaderValueParser
instanceKlass org/apache/http/message/BasicHeaderElementIterator
instanceKlass org/apache/http/message/BasicTokenIterator
instanceKlass org/apache/http/message/BasicStatusLine
instanceKlass sun/nio/cs/ThreadLocalCoders$Cache
instanceKlass sun/nio/cs/ThreadLocalCoders
instanceKlass org/apache/http/message/BasicNameValuePair
instanceKlass org/apache/http/NameValuePair
instanceKlass org/apache/http/message/ParserCursor
instanceKlass org/apache/http/message/TokenParser
instanceKlass org/apache/http/client/utils/URLEncodedUtils
instanceKlass com/netflix/discovery/shared/transport/decorator/EurekaHttpClientDecorator$3
instanceKlass com/fasterxml/jackson/databind/ser/impl/PropertySerializerMap$SerializerAndMapResult
instanceKlass com/fasterxml/jackson/databind/ser/std/StdKeySerializers
instanceKlass com/fasterxml/jackson/databind/ser/BasicSerializerFactory$1
instanceKlass org/apache/tomcat/PeriodicEventListener
instanceKlass com/fasterxml/jackson/core/io/JsonStringEncoder
instanceKlass org/apache/catalina/webresources/Cache$EvictionOrder
instanceKlass com/fasterxml/jackson/databind/ser/std/NumberSerializers$1
instanceKlass com/fasterxml/jackson/annotation/JsonFilter
instanceKlass com/fasterxml/jackson/annotation/JsonIgnoreProperties$Value
instanceKlass com/fasterxml/jackson/databind/annotation/JsonAppend
instanceKlass com/fasterxml/jackson/databind/ser/impl/PropertySerializerMap
instanceKlass com/fasterxml/jackson/databind/introspect/POJOPropertyBuilder$1
instanceKlass com/fasterxml/jackson/databind/ser/PropertyBuilder$1
instanceKlass com/fasterxml/jackson/databind/PropertyMetadata
instanceKlass com/fasterxml/jackson/databind/introspect/POJOPropertyBuilder$7
instanceKlass com/fasterxml/jackson/databind/introspect/POJOPropertyBuilder$6
instanceKlass com/fasterxml/jackson/annotation/JsonPropertyDescription
instanceKlass com/fasterxml/jackson/databind/introspect/POJOPropertyBuilder$5
instanceKlass com/fasterxml/jackson/databind/introspect/POJOPropertyBuilder$4
instanceKlass com/fasterxml/jackson/databind/BeanProperty$Std
instanceKlass com/fasterxml/jackson/databind/introspect/POJOPropertyBuilder$2
instanceKlass com/fasterxml/jackson/annotation/JsonTypeId
instanceKlass com/fasterxml/jackson/databind/introspect/POJOPropertyBuilder$3
instanceKlass com/fasterxml/jackson/databind/ser/PropertyBuilder
instanceKlass com/fasterxml/jackson/annotation/JsonIgnoreType
instanceKlass com/fasterxml/jackson/databind/ser/BeanSerializerBuilder
instanceKlass com/fasterxml/jackson/databind/ext/OptionalHandlerFactory
instanceKlass com/fasterxml/jackson/annotation/JsonPropertyOrder
instanceKlass com/fasterxml/jackson/databind/annotation/JsonNaming
instanceKlass com/fasterxml/jackson/databind/introspect/POJOPropertyBuilder$10
instanceKlass com/fasterxml/jackson/databind/introspect/POJOPropertyBuilder$9
instanceKlass org/springframework/boot/StartupInfoLogger
instanceKlass com/fasterxml/jackson/annotation/JacksonInject
instanceKlass com/fasterxml/jackson/annotation/JsonSetter
instanceKlass javax/servlet/SingleThreadModel
instanceKlass javax/servlet/annotation/ServletSecurity
instanceKlass javax/servlet/annotation/MultipartConfig
instanceKlass com/fasterxml/jackson/annotation/JsonCreator
instanceKlass com/netflix/appinfo/LeaseInfo$1
instanceKlass com/fasterxml/jackson/databind/util/BeanUtil
instanceKlass com/fasterxml/jackson/annotation/JsonValue
instanceKlass com/fasterxml/jackson/annotation/JsonAnyGetter
instanceKlass org/apache/catalina/servlets/DefaultServlet$PrecompressedResource
instanceKlass org/apache/catalina/servlets/DefaultServlet$CompressionFormat
instanceKlass org/apache/catalina/servlets/DefaultServlet$Range
instanceKlass com/fasterxml/jackson/databind/introspect/MemberKey
instanceKlass com/fasterxml/jackson/databind/introspect/AnnotatedMethodMap
instanceKlass com/fasterxml/jackson/databind/introspect/POJOPropertyBuilder$Linked
instanceKlass com/fasterxml/jackson/databind/introspect/POJOPropertyBuilder$WithMember
instanceKlass org/apache/tomcat/util/threads/LimitLatch
instanceKlass org/apache/tomcat/util/threads/TaskThread$WrappingRunnable
instanceKlass org/apache/tomcat/util/threads/Constants
instanceKlass com/fasterxml/jackson/annotation/JsonAnySetter
instanceKlass org/apache/tomcat/util/threads/ThreadPoolExecutor$RejectHandler
instanceKlass com/fasterxml/jackson/annotation/JsonAutoDetect$1
instanceKlass com/fasterxml/jackson/annotation/JsonProperty
instanceKlass com/fasterxml/jackson/annotation/JsonGetter
instanceKlass com/fasterxml/jackson/databind/introspect/TypeResolutionContext$Basic
instanceKlass com/fasterxml/jackson/databind/jsontype/impl/StdTypeResolverBuilder$1
instanceKlass com/fasterxml/jackson/annotation/JsonSubTypes
instanceKlass com/fasterxml/jackson/annotation/JsonTypeName
instanceKlass com/fasterxml/jackson/annotation/JsonTypeInfo$None
instanceKlass com/fasterxml/jackson/databind/jsontype/TypeDeserializer
instanceKlass org/apache/tomcat/util/threads/TaskThreadFactory
instanceKlass java/nio/channels/spi/AbstractSelector$1
instanceKlass org/apache/tomcat/util/collections/SynchronizedQueue
instanceKlass org/apache/tomcat/util/net/NioBlockingSelector
instanceKlass sun/nio/ch/OptionKey
instanceKlass sun/nio/ch/SocketOptionRegistry$LazyInitialization
instanceKlass sun/nio/ch/SocketOptionRegistry$RegistryKey
instanceKlass sun/nio/ch/SocketOptionRegistry
instanceKlass jdk/net/SocketFlow
instanceKlass sun/net/ExtendedOptionsImpl$$Lambda$8
instanceKlass java/lang/invoke/LambdaForm$DMH
instanceKlass sun/net/ExtendedOptionsImpl
instanceKlass sun/nio/ch/ExtendedSocketOption$1
instanceKlass sun/nio/ch/ExtendedSocketOption
instanceKlass sun/nio/ch/SocketChannelImpl$DefaultOptionsHolder
instanceKlass java/net/StandardSocketOptions$StdSocketOption
instanceKlass java/net/SocketOption
instanceKlass java/net/StandardSocketOptions
instanceKlass sun/nio/ch/IOStatus
instanceKlass java/nio/DirectByteBuffer$Deallocator
instanceKlass sun/nio/ch/Util$BufferCache
instanceKlass sun/nio/ch/NativeThread
instanceKlass java/nio/channels/spi/AbstractInterruptibleChannel$1
instanceKlass sun/net/util/IPAddressUtil
instanceKlass sun/nio/ch/PipeImpl$Initializer$LoopbackConnector
instanceKlass sun/nio/ch/PipeImpl$Initializer
instanceKlass java/nio/channels/Pipe
instanceKlass sun/nio/ch/NativeObject
instanceKlass sun/nio/ch/PollArrayWrapper
instanceKlass sun/nio/ch/WindowsSelectorImpl$FinishLock
instanceKlass sun/nio/ch/WindowsSelectorImpl$StartLock
instanceKlass sun/nio/ch/WindowsSelectorImpl$SubSelector
instanceKlass java/nio/channels/SelectionKey
instanceKlass sun/nio/ch/Util$2
instanceKlass sun/nio/ch/Util
instanceKlass java/nio/channels/Selector
instanceKlass java/util/concurrent/CountDownLatch
instanceKlass com/fasterxml/jackson/databind/jsontype/TypeSerializer
instanceKlass com/fasterxml/jackson/databind/jsontype/impl/StdTypeResolverBuilder
instanceKlass sun/nio/ch/Net$3
instanceKlass sun/nio/ch/Net$4
instanceKlass sun/nio/ch/Net$1
instanceKlass java/net/ProtocolFamily
instanceKlass sun/nio/ch/Net
instanceKlass sun/nio/ch/NativeDispatcher
instanceKlass sun/nio/ch/SelChImpl
instanceKlass com/fasterxml/jackson/core/io/NumberOutput
instanceKlass sun/nio/ch/DefaultSelectorProvider
instanceKlass java/nio/channels/spi/SelectorProvider$1
instanceKlass java/nio/channels/spi/SelectorProvider
instanceKlass com/fasterxml/jackson/core/io/CharTypes
instanceKlass org/apache/tomcat/util/compat/JreCompat
instanceKlass com/fasterxml/jackson/core/JsonStreamContext
instanceKlass org/apache/coyote/Request
instanceKlass com/fasterxml/jackson/core/util/BufferRecycler
instanceKlass org/apache/coyote/RequestInfo
instanceKlass com/fasterxml/jackson/core/io/IOContext
instanceKlass org/apache/http/entity/HttpEntityWrapper
instanceKlass org/apache/tomcat/util/net/SocketWrapperBase$CompletionCheck
instanceKlass org/apache/http/entity/AbstractHttpEntity
instanceKlass javax/ws/rs/core/GenericEntity
instanceKlass com/sun/jersey/api/client/RequestWriter$RequestEntityWriterImpl
instanceKlass com/netflix/discovery/shared/transport/decorator/EurekaHttpClientDecorator$1
instanceKlass org/springframework/boot/actuate/health/OrderedHealthAggregator$StatusComparator
instanceKlass com/netflix/hystrix/HystrixCommandMetrics$2
instanceKlass com/netflix/hystrix/HystrixCommandMetrics$1
instanceKlass rx/functions/Func2
instanceKlass com/netflix/hystrix/HystrixMetrics
instanceKlass org/apache/catalina/connector/CoyoteAdapter
instanceKlass org/springframework/dao/support/DataAccessUtils
instanceKlass java/sql/SQLType
instanceKlass java/sql/RowId
instanceKlass java/sql/Ref
instanceKlass org/springframework/jdbc/support/DatabaseMetaDataCallback
instanceKlass org/springframework/jdbc/support/JdbcUtils
instanceKlass org/springframework/core/task/support/TaskExecutorAdapter
instanceKlass org/springframework/scheduling/concurrent/ConcurrentTaskExecutor
instanceKlass org/springframework/jdbc/core/JdbcTemplate$1QueryStatementCallback
instanceKlass org/springframework/scheduling/SchedulingTaskExecutor
instanceKlass org/springframework/jdbc/core/SqlProvider
instanceKlass org/springframework/jdbc/core/RowMapperResultSetExtractor
instanceKlass org/springframework/boot/builder/ParentContextCloserApplicationListener$ContextCloserListener
instanceKlass org/springframework/boot/actuate/health/DataSourceHealthIndicator$SingleColumnRowMapper
instanceKlass org/springframework/jdbc/core/JdbcTemplate$CloseSuppressingInvocationHandler
instanceKlass org/springframework/jdbc/datasource/ConnectionProxy
instanceKlass org/h2/index/RangeCursor
instanceKlass org/springframework/boot/actuate/health/DataSourceHealthIndicator$1
instanceKlass com/fasterxml/jackson/databind/type/TypeBindings$AsKey
instanceKlass com/fasterxml/jackson/databind/type/TypeBindings$TypeParamStash
instanceKlass com/netflix/discovery/InstanceInfoReplicator$1
instanceKlass com/netflix/discovery/DiscoveryEvent
instanceKlass org/springframework/cglib/reflect/FastClassEmitter$2
instanceKlass org/springframework/aop/support/MethodMatchers
instanceKlass org/springframework/aop/framework/CglibAopProxy$StaticDispatcher
instanceKlass org/springframework/aop/framework/CglibAopProxy$StaticUnadvisedInterceptor
instanceKlass org/springframework/cloud/context/config/StandardBeanLifecycleDecorator$2
instanceKlass org/springframework/cloud/context/config/StandardBeanLifecycleDecorator$1
instanceKlass org/springframework/cloud/context/config/BeanLifecycleDecorator$Context
instanceKlass java/util/concurrent/ConcurrentLinkedQueue$Itr
instanceKlass com/netflix/discovery/DiscoveryClient$3
instanceKlass com/netflix/discovery/util/RateLimiter$1
instanceKlass com/netflix/discovery/util/RateLimiter
instanceKlass com/netflix/discovery/InstanceInfoReplicator
instanceKlass com/netflix/discovery/DiscoveryClient$HeartbeatThread
instanceKlass com/netflix/discovery/DiscoveryClient$CacheRefreshThread
instanceKlass com/netflix/discovery/NotImplementedRegistryImpl
instanceKlass ch/qos/logback/classic/spi/ClassPackagingData
instanceKlass ch/qos/logback/classic/spi/STEUtil
instanceKlass ch/qos/logback/classic/spi/PackagingDataCalculator
instanceKlass ch/qos/logback/classic/spi/StackTraceElementProxy
instanceKlass ch/qos/logback/classic/spi/ThrowableProxyUtil
instanceKlass ch/qos/logback/classic/spi/ThrowableProxy
instanceKlass org/apache/http/message/BasicListHeaderIterator
instanceKlass org/apache/http/message/BufferedHeader
instanceKlass org/apache/http/FormattedHeader
instanceKlass org/apache/commons/codec/binary/BaseNCodec$Context
instanceKlass org/apache/http/util/EncodingUtils
instanceKlass org/apache/commons/codec/binary/BaseNCodec
instanceKlass org/apache/commons/codec/BinaryDecoder
instanceKlass org/apache/commons/codec/Decoder
instanceKlass org/apache/commons/codec/BinaryEncoder
instanceKlass org/apache/commons/codec/Encoder
instanceKlass org/apache/http/client/protocol/RequestAuthenticationBase$1
instanceKlass org/apache/http/cookie/CookieSpecRegistry$1
instanceKlass org/apache/http/cookie/CookieOrigin
instanceKlass org/apache/http/protocol/HttpCoreContext
instanceKlass org/apache/http/message/BasicRequestLine
instanceKlass org/apache/http/client/utils/URIBuilder
instanceKlass org/apache/http/client/utils/URIUtils
instanceKlass org/apache/http/auth/BasicUserPrincipal
instanceKlass org/apache/http/auth/UsernamePasswordCredentials
instanceKlass org/apache/http/message/HeaderValueParser
instanceKlass org/apache/http/impl/auth/AuthSchemeBase
instanceKlass org/apache/http/auth/ContextAwareAuthScheme
instanceKlass org/apache/http/conn/routing/BasicRouteDirector
instanceKlass org/apache/http/impl/HttpConnectionMetricsImpl
instanceKlass org/apache/http/message/BasicLineFormatter
instanceKlass org/apache/http/message/LineFormatter
instanceKlass org/apache/http/impl/io/AbstractMessageWriter
instanceKlass org/apache/http/util/CharArrayBuffer
instanceKlass org/apache/http/message/BasicLineParser
instanceKlass org/apache/http/config/MessageConstraints$Builder
instanceKlass org/apache/http/config/MessageConstraints
instanceKlass org/apache/http/params/HttpParamConfig
instanceKlass org/apache/http/message/LineParser
instanceKlass org/apache/http/impl/io/AbstractMessageParser
instanceKlass org/apache/http/impl/EnglishReasonPhraseCatalog
instanceKlass org/apache/http/StatusLine
instanceKlass org/apache/http/ReasonPhraseCatalog
instanceKlass org/apache/http/impl/DefaultHttpResponseFactory
instanceKlass java/net/Socket$3
instanceKlass org/apache/http/impl/io/AbstractSessionOutputBuffer
instanceKlass org/apache/http/impl/io/HttpTransportMetricsImpl
instanceKlass org/apache/http/util/ByteArrayBuffer
instanceKlass java/net/Socket$2
instanceKlass org/apache/http/io/HttpTransportMetrics
instanceKlass org/apache/http/impl/io/AbstractSessionInputBuffer
instanceKlass org/apache/http/io/BufferInfo
instanceKlass org/apache/http/io/EofSensor
instanceKlass java/net/Proxy
instanceKlass sun/net/spi/DefaultProxySelector$3
instanceKlass sun/net/spi/DefaultProxySelector$NonProxyInfo
instanceKlass sun/net/NetProperties$1
instanceKlass sun/net/NetProperties
instanceKlass sun/net/spi/DefaultProxySelector$1
instanceKlass java/net/ProxySelector
instanceKlass java/net/SocksSocketImpl$3
instanceKlass org/apache/http/conn/routing/RouteTracker
instanceKlass org/apache/http/client/methods/AbstractExecutionAwareRequest$2
instanceKlass org/apache/http/impl/conn/AbstractClientConnAdapter
instanceKlass org/apache/http/impl/entity/LaxContentLengthStrategy
instanceKlass org/apache/http/impl/entity/EntityDeserializer
instanceKlass org/apache/http/impl/entity/StrictContentLengthStrategy
instanceKlass org/apache/http/impl/entity/EntitySerializer
instanceKlass org/apache/http/io/SessionOutputBuffer
instanceKlass org/apache/http/io/SessionInputBuffer
instanceKlass org/apache/http/HttpConnectionMetrics
instanceKlass org/apache/http/io/HttpMessageWriter
instanceKlass org/apache/http/HttpResponseFactory
instanceKlass org/apache/http/entity/ContentLengthStrategy
instanceKlass org/apache/http/io/HttpMessageParser
instanceKlass org/apache/http/impl/AbstractHttpClientConnection
instanceKlass org/apache/http/util/LangUtils
instanceKlass org/apache/http/client/params/HttpClientParams
instanceKlass org/apache/http/client/methods/AbstractExecutionAwareRequest$1
instanceKlass org/apache/http/conn/ManagedClientConnection
instanceKlass org/apache/http/conn/ManagedHttpClientConnection
instanceKlass org/apache/http/conn/HttpRoutedConnection
instanceKlass org/apache/http/impl/conn/tsccm/ThreadSafeClientConnManager$1
instanceKlass org/apache/http/impl/conn/tsccm/ConnPoolByRoute$1
instanceKlass org/apache/http/impl/client/RoutedRequest
instanceKlass org/apache/http/util/Asserts
instanceKlass org/apache/http/conn/params/ConnRouteParams
instanceKlass org/apache/http/conn/params/ConnRoutePNames
instanceKlass org/apache/http/auth/AuthState
instanceKlass org/apache/http/impl/client/AuthenticationStrategyAdaptor
instanceKlass org/apache/http/impl/client/DefaultRedirectStrategyAdaptor
instanceKlass org/apache/http/impl/auth/HttpAuthenticator
instanceKlass org/apache/http/conn/routing/HttpRouteDirector
instanceKlass org/apache/http/HttpEntityEnclosingRequest
instanceKlass org/apache/http/conn/ConnectionReleaseTrigger
instanceKlass org/apache/http/impl/client/DefaultRequestDirector
instanceKlass org/apache/http/impl/client/DefaultUserTokenHandler
instanceKlass org/apache/http/impl/client/AuthenticationStrategyImpl
instanceKlass org/apache/http/impl/client/DefaultRedirectStrategy
instanceKlass org/apache/http/impl/client/DefaultHttpRequestRetryHandler
instanceKlass org/apache/http/protocol/ImmutableHttpProcessor
instanceKlass org/apache/http/client/protocol/RequestAuthenticationBase
instanceKlass org/apache/http/client/protocol/RequestAuthCache
instanceKlass org/apache/http/client/protocol/ResponseProcessCookies
instanceKlass org/apache/http/client/protocol/RequestAddCookies
instanceKlass org/apache/http/protocol/RequestExpectContinue
instanceKlass org/apache/http/protocol/RequestUserAgent
instanceKlass org/apache/http/client/protocol/RequestClientConnControl
instanceKlass org/apache/http/protocol/RequestTargetHost
instanceKlass org/apache/http/protocol/RequestContent
instanceKlass org/apache/http/client/protocol/RequestDefaultHeaders
instanceKlass org/apache/http/protocol/BasicHttpProcessor
instanceKlass org/apache/http/protocol/HttpResponseInterceptorList
instanceKlass org/apache/http/protocol/HttpRequestInterceptorList
instanceKlass org/apache/http/impl/conn/DefaultHttpRoutePlanner
instanceKlass org/apache/http/HeaderElementIterator
instanceKlass org/apache/http/impl/client/DefaultConnectionKeepAliveStrategy
instanceKlass org/apache/http/TokenIterator
instanceKlass org/apache/http/impl/DefaultConnectionReuseStrategy
instanceKlass org/apache/http/protocol/HttpRequestExecutor
instanceKlass org/apache/http/client/config/RequestConfig$Builder
instanceKlass org/apache/http/client/config/RequestConfig
instanceKlass org/apache/http/client/params/HttpClientParamConfig
instanceKlass org/apache/http/impl/client/BasicCredentialsProvider
instanceKlass org/apache/http/impl/cookie/IgnoreSpecFactory
instanceKlass org/apache/http/impl/cookie/RFC2965SpecFactory
instanceKlass org/apache/http/impl/cookie/RFC2109SpecFactory
instanceKlass org/apache/http/impl/cookie/NetscapeDraftSpecFactory
instanceKlass org/apache/http/HeaderElement
instanceKlass org/apache/http/impl/cookie/BrowserCompatSpecFactory
instanceKlass org/apache/http/impl/cookie/BasicDomainHandler
instanceKlass org/apache/http/impl/cookie/RFC2109DomainHandler
instanceKlass org/apache/http/impl/cookie/RFC2965DiscardAttributeHandler
instanceKlass org/apache/http/impl/cookie/RFC2965CommentUrlAttributeHandler
instanceKlass org/apache/http/impl/cookie/AbstractCookieAttributeHandler
instanceKlass org/apache/http/impl/cookie/RFC2965PortAttributeHandler
instanceKlass org/apache/http/impl/cookie/RFC2965DomainAttributeHandler
instanceKlass org/apache/http/impl/cookie/BasicPathHandler
instanceKlass org/apache/http/impl/cookie/RFC2965VersionAttributeHandler
instanceKlass org/apache/http/cookie/CommonCookieAttributeHandler
instanceKlass org/apache/http/cookie/CookieAttributeHandler
instanceKlass org/apache/http/cookie/SetCookie
instanceKlass org/apache/http/cookie/Cookie
instanceKlass org/apache/http/impl/cookie/AbstractCookieSpec
instanceKlass org/apache/http/impl/cookie/DefaultCookieSpec
instanceKlass org/apache/http/cookie/CookieSpec
instanceKlass org/apache/http/impl/cookie/BestMatchSpecFactory
instanceKlass org/apache/http/cookie/CookieSpecProvider
instanceKlass org/apache/http/cookie/CookieSpecRegistry
instanceKlass org/apache/http/impl/auth/KerberosSchemeFactory
instanceKlass org/apache/http/impl/auth/SPNegoSchemeFactory
instanceKlass org/apache/http/impl/auth/NTLMSchemeFactory
instanceKlass org/apache/http/impl/auth/DigestSchemeFactory
instanceKlass org/apache/http/impl/auth/BasicSchemeFactory
instanceKlass org/apache/http/auth/AuthSchemeProvider
instanceKlass org/apache/http/auth/AuthSchemeRegistry
instanceKlass org/apache/http/config/Lookup
instanceKlass org/apache/http/protocol/BasicHttpContext
instanceKlass org/apache/http/util/TextUtils
instanceKlass org/apache/http/HttpHost
instanceKlass org/apache/http/message/BasicHeader
instanceKlass com/sun/jersey/core/util/KeyComparatorLinkedHashMap$LinkedHashIterator
instanceKlass org/apache/http/HeaderIterator
instanceKlass org/apache/http/message/HeaderGroup
instanceKlass org/apache/http/RequestLine
instanceKlass org/apache/http/concurrent/Cancellable
instanceKlass org/apache/http/Header
instanceKlass org/apache/http/message/AbstractHttpMessage
instanceKlass org/apache/http/client/methods/AbortableHttpRequest
instanceKlass org/apache/http/client/methods/HttpExecutionAware
instanceKlass org/apache/http/client/methods/Configurable
instanceKlass com/sun/jersey/core/util/StringIgnoreCaseKeyComparator
instanceKlass com/sun/jersey/api/client/PartialRequestBuilder
instanceKlass com/sun/jersey/api/uri/UriComponent
instanceKlass com/sun/jersey/api/client/UniformInterface
instanceKlass com/sun/jersey/api/client/RequestBuilder
instanceKlass com/netflix/discovery/shared/transport/jersey/AbstractJerseyEurekaHttpClient
instanceKlass java/util/concurrent/ConcurrentSkipListMap$Iter
instanceKlass com/netflix/discovery/shared/transport/TransportUtils
instanceKlass com/netflix/discovery/shared/transport/decorator/EurekaHttpClientDecorator$6
instanceKlass com/google/common/base/Strings
instanceKlass com/netflix/servo/monitor/BasicStopwatch
instanceKlass com/google/common/collect/Multiset
instanceKlass com/google/common/collect/AbstractMultimap
instanceKlass com/google/common/collect/ListMultimap
instanceKlass com/google/common/collect/SortedSetMultimap
instanceKlass com/google/common/collect/SetMultimap
instanceKlass com/google/common/collect/Multimaps
instanceKlass com/netflix/discovery/AbstractAzToRegionMapper$1
instanceKlass com/netflix/discovery/InstanceRegionChecker
instanceKlass com/google/common/collect/Multimap
instanceKlass com/google/common/base/Supplier
instanceKlass com/netflix/discovery/AbstractAzToRegionMapper
instanceKlass com/netflix/discovery/shared/transport/EurekaHttpResponse
instanceKlass com/netflix/discovery/shared/transport/decorator/RetryableEurekaHttpClient$1
instanceKlass com/netflix/discovery/shared/transport/decorator/ServerStatusEvaluators$2
instanceKlass com/netflix/discovery/shared/transport/decorator/ServerStatusEvaluators$1
instanceKlass com/netflix/discovery/shared/transport/decorator/ServerStatusEvaluator
instanceKlass com/netflix/discovery/shared/transport/decorator/ServerStatusEvaluators
instanceKlass com/netflix/discovery/shared/transport/decorator/RedirectingEurekaHttpClient$1
instanceKlass com/netflix/discovery/shared/dns/DnsServiceImpl
instanceKlass com/netflix/discovery/shared/dns/DnsService
instanceKlass com/netflix/discovery/shared/transport/EurekaHttpClients$1
instanceKlass com/netflix/discovery/shared/resolver/AsyncResolver$1
instanceKlass com/netflix/discovery/shared/resolver/AsyncResolver
instanceKlass com/netflix/discovery/util/SystemUtil
instanceKlass com/netflix/discovery/shared/resolver/ResolverUtils
instanceKlass com/netflix/discovery/shared/resolver/DefaultEndpoint
instanceKlass com/netflix/discovery/shared/resolver/EurekaEndpoint
instanceKlass com/netflix/discovery/endpoint/EndpointUtils
instanceKlass com/netflix/discovery/shared/resolver/aws/ConfigClusterResolver
instanceKlass com/netflix/discovery/shared/resolver/aws/ZoneAffinityClusterResolver
instanceKlass com/netflix/discovery/shared/resolver/ClosableResolver
instanceKlass com/netflix/discovery/shared/transport/EurekaHttpClients
instanceKlass com/netflix/discovery/DiscoveryClient$2
instanceKlass com/netflix/discovery/shared/transport/jersey/TransportClientFactories$2
instanceKlass com/netflix/discovery/shared/transport/decorator/MetricsCollectingEurekaHttpClient$2
instanceKlass com/netflix/discovery/util/ExceptionsMetric
instanceKlass com/netflix/discovery/util/ServoUtil
instanceKlass com/netflix/discovery/shared/transport/decorator/MetricsCollectingEurekaHttpClient$EurekaHttpClientRequestMetrics
instanceKlass com/netflix/discovery/shared/transport/EurekaHttpClientFactory
instanceKlass com/netflix/discovery/shared/transport/decorator/EurekaHttpClientDecorator$RequestExecutor
instanceKlass com/netflix/discovery/shared/transport/decorator/EurekaHttpClientDecorator
instanceKlass java/util/Collections$UnmodifiableList$1
instanceKlass com/sun/jersey/api/client/ClientRequestAdapter
instanceKlass java/util/concurrent/Executors$RunnableAdapter
instanceKlass com/netflix/discovery/shared/transport/jersey/ApacheHttpClientConnectionCleaner$2
instanceKlass com/netflix/discovery/shared/transport/jersey/ApacheHttpClientConnectionCleaner$1
instanceKlass com/netflix/discovery/shared/transport/jersey/ApacheHttpClientConnectionCleaner
instanceKlass com/sun/jersey/api/client/ClientResponse
instanceKlass com/sun/jersey/api/client/ClientRequest
instanceKlass javax/ws/rs/core/StreamingOutput
instanceKlass com/sun/jersey/core/impl/provider/entity/StreamingOutputProvider
instanceKlass com/sun/jersey/core/spi/factory/MessageBodyFactory$2
instanceKlass com/sun/jersey/core/spi/factory/MessageBodyFactory$MessageBodyWriterPair
instanceKlass com/sun/jersey/core/reflection/ReflectionHelper$DeclaringClassInterfacePair
instanceKlass com/sun/jersey/core/impl/provider/entity/SourceProvider$SourceWriter
instanceKlass com/sun/jersey/core/impl/provider/entity/SourceProvider
instanceKlass org/w3c/dom/Document
instanceKlass com/sun/jersey/core/impl/provider/entity/Inflector$Replacer
instanceKlass com/sun/jersey/core/impl/provider/entity/Inflector
instanceKlass com/sun/jersey/core/provider/jaxb/AbstractListElementProvider$1
instanceKlass javax/xml/stream/XMLStreamReader
instanceKlass com/sun/jersey/core/provider/jaxb/AbstractListElementProvider$JaxbTypeChecker
instanceKlass javax/xml/bind/JAXBElement
instanceKlass com/sun/jersey/api/client/Client$4$1
instanceKlass com/sun/jersey/core/impl/provider/xml/ThreadLocalSingletonContextProvider$2
instanceKlass javax/xml/bind/JAXBContext
instanceKlass javax/xml/bind/Marshaller
instanceKlass javax/xml/bind/Unmarshaller
instanceKlass java/awt/image/RenderedImage
instanceKlass javax/activation/DataSource
instanceKlass sun/reflect/generics/tree/LongSignature
instanceKlass com/sun/jersey/core/util/ReaderWriter
instanceKlass javax/ws/rs/core/MultivaluedMap
instanceKlass com/sun/jersey/core/impl/provider/entity/EntityHolderReader
instanceKlass com/sun/jersey/core/impl/provider/entity/SourceProvider$DOMSourceReader
instanceKlass com/sun/jersey/core/impl/provider/entity/SourceProvider$SAXSourceReader
instanceKlass com/sun/jersey/core/impl/provider/entity/SourceProvider$StreamSourceReader
instanceKlass com/sun/jersey/core/provider/AbstractMessageReaderWriterProvider
instanceKlass com/sun/jersey/core/util/KeyComparatorHashMap$HashIterator
instanceKlass com/sun/jersey/core/spi/factory/MessageBodyFactory$DistanceComparator
instanceKlass com/sun/jersey/core/header/MediaTypes$3
instanceKlass com/sun/jersey/core/header/QualityFactor
instanceKlass com/sun/jersey/core/header/MediaTypes$2
instanceKlass com/sun/jersey/core/header/MediaTypes$1
instanceKlass com/sun/jersey/core/header/GrammarUtil
instanceKlass com/sun/jersey/core/header/reader/HttpHeaderReader$9
instanceKlass com/sun/jersey/core/header/reader/HttpHeaderReader$8
instanceKlass com/sun/jersey/core/header/reader/HttpHeaderReader$7
instanceKlass com/sun/jersey/core/header/reader/HttpHeaderReader$5
instanceKlass com/sun/jersey/core/header/reader/HttpHeaderReader$4
instanceKlass com/sun/jersey/core/header/reader/HttpHeaderReader$3
instanceKlass com/sun/jersey/core/header/reader/HttpHeaderReader$2
instanceKlass com/sun/jersey/core/header/reader/HttpHeaderReader$1
instanceKlass com/sun/jersey/core/header/reader/HttpHeaderReader$ListElementCreator
instanceKlass com/sun/jersey/core/header/reader/HttpHeaderReader
instanceKlass javax/ws/rs/core/MediaType$1
instanceKlass javax/ws/rs/core/CacheControl
instanceKlass javax/ws/rs/core/Cookie
instanceKlass javax/ws/rs/core/EntityTag
instanceKlass com/sun/jersey/core/impl/provider/header/StringProvider
instanceKlass com/sun/jersey/core/impl/provider/header/DateProvider
instanceKlass com/sun/jersey/core/impl/provider/header/URIProvider
instanceKlass com/sun/jersey/core/impl/provider/header/CookieProvider
instanceKlass com/sun/jersey/core/impl/provider/header/NewCookieProvider
instanceKlass com/sun/jersey/core/impl/provider/header/CacheControlProvider
instanceKlass com/sun/jersey/core/impl/provider/header/MediaTypeProvider
instanceKlass com/sun/jersey/core/impl/provider/header/EntityTagProvider
instanceKlass com/sun/jersey/core/impl/provider/header/LocaleProvider
instanceKlass com/sun/jersey/spi/HeaderDelegateProvider
instanceKlass javax/ws/rs/core/UriBuilder
instanceKlass javax/ws/rs/ext/RuntimeDelegate$HeaderDelegate
instanceKlass javax/ws/rs/core/Variant$VariantListBuilder
instanceKlass javax/ws/rs/core/Response$ResponseBuilder
instanceKlass javax/ws/rs/ext/FactoryFinder$1
instanceKlass javax/ws/rs/ext/FactoryFinder
instanceKlass javax/ws/rs/ext/RuntimeDelegate
instanceKlass javax/ws/rs/core/MediaType
instanceKlass com/sun/jersey/core/header/MediaTypes
instanceKlass javax/ws/rs/ext/Provider
instanceKlass com/sun/jersey/core/util/KeyComparatorHashMap$Entry
instanceKlass com/sun/jersey/core/spi/factory/ContextResolverFactory$1
instanceKlass com/sun/jersey/api/client/Client$4
instanceKlass com/sun/jersey/api/client/Client$3
instanceKlass com/sun/jersey/core/spi/factory/MessageBodyFactory$1
instanceKlass com/sun/jersey/core/util/KeyComparator
instanceKlass com/sun/jersey/core/spi/factory/MessageBodyFactory
instanceKlass com/sun/jersey/core/spi/factory/ContextResolverFactory$NullContextResolverAdapter
instanceKlass javax/ws/rs/ext/ContextResolver
instanceKlass com/sun/jersey/core/spi/factory/ContextResolverFactory
instanceKlass javax/xml/parsers/DocumentBuilderFactory
instanceKlass javax/xml/stream/XMLInputFactory
instanceKlass com/sun/jersey/core/spi/component/ComponentDestructor
instanceKlass com/sun/jersey/core/spi/component/ProviderFactory$SingletonComponentProvider
instanceKlass com/sun/jersey/core/spi/component/ProviderFactory$Destroyable
instanceKlass com/sun/jersey/core/reflection/MethodList$4
instanceKlass com/sun/jersey/core/reflection/MethodList$7
instanceKlass com/sun/jersey/core/reflection/MethodList$8
instanceKlass com/sun/jersey/core/spi/component/ComponentConstructor$ConstructorInjectablePair
instanceKlass com/sun/jersey/core/spi/component/AnnotatedContext
instanceKlass com/sun/jersey/core/spi/component/ComponentConstructor$ConstructorComparator
instanceKlass com/sun/jersey/core/reflection/MethodList$3
instanceKlass com/sun/jersey/core/reflection/MethodList$2
instanceKlass com/sun/jersey/core/reflection/MethodList$5
instanceKlass com/sun/jersey/core/reflection/ReflectionHelper$9
instanceKlass javax/ws/rs/FormParam
instanceKlass javax/ws/rs/PathParam
instanceKlass javax/ws/rs/HeaderParam
instanceKlass javax/ws/rs/CookieParam
instanceKlass javax/ws/rs/QueryParam
instanceKlass javax/ws/rs/MatrixParam
instanceKlass javax/ws/rs/DefaultValue
instanceKlass javax/ws/rs/Encoded
instanceKlass javax/ws/rs/Consumes
instanceKlass javax/ws/rs/Produces
instanceKlass javax/ws/rs/Path
instanceKlass javax/ws/rs/HttpMethod
instanceKlass com/sun/jersey/core/reflection/AnnotatedMethod
instanceKlass com/sun/jersey/core/reflection/MethodList$Filter
instanceKlass com/sun/jersey/core/reflection/MethodList
instanceKlass com/sun/jersey/core/reflection/ReflectionHelper$2
instanceKlass com/sun/jersey/core/reflection/ReflectionHelper$4
instanceKlass com/sun/jersey/core/spi/component/ComponentConstructor
instanceKlass com/sun/jersey/core/spi/component/ComponentContext
instanceKlass com/sun/jersey/core/spi/component/ComponentInjector
instanceKlass com/sun/jersey/core/spi/component/ProviderServices$ProviderClass
instanceKlass com/sun/jersey/spi/inject/ConstrainedTo
instanceKlass com/sun/jersey/core/impl/provider/xml/ThreadLocalSingletonContextProvider
instanceKlass com/sun/jersey/core/reflection/ReflectionHelper$3
instanceKlass com/sun/jersey/core/spi/factory/InjectableProviderFactory$1
instanceKlass com/sun/jersey/core/spi/factory/InjectableProviderFactory$MetaInjectableProvider
instanceKlass com/sun/jersey/core/reflection/ReflectionHelper$ClassTypePair
instanceKlass javax/ws/rs/core/Context
instanceKlass com/sun/jersey/spi/inject/SingletonTypeInjectableProvider
instanceKlass com/sun/jersey/spi/inject/Injectable
instanceKlass com/sun/jersey/client/proxy/ViewProxyProvider
instanceKlass com/sun/jersey/spi/inject/ConstrainedToType
instanceKlass com/sun/jersey/core/spi/component/ProviderServices
instanceKlass com/sun/jersey/core/spi/component/ComponentProvider
instanceKlass com/sun/jersey/client/impl/CopyOnWriteHashMap
instanceKlass com/sun/jersey/core/spi/component/ProviderServices$ProviderListener
instanceKlass com/sun/jersey/core/spi/factory/InjectableProviderFactory
instanceKlass com/sun/jersey/spi/service/ServiceFinder$AbstractLazyIterator
instanceKlass com/sun/jersey/spi/service/ServiceFinder$ServiceIteratorProvider
instanceKlass com/sun/jersey/core/reflection/ReflectionHelper$1
instanceKlass com/sun/jersey/core/reflection/ReflectionHelper
instanceKlass com/sun/jersey/spi/service/ServiceFinder
instanceKlass com/sun/jersey/spi/inject/Errors
instanceKlass com/sun/jersey/api/client/Client$1
instanceKlass org/apache/http/client/methods/HttpUriRequest
instanceKlass org/apache/http/HttpEntity
instanceKlass org/apache/http/client/AuthCache
instanceKlass org/apache/http/auth/AuthScheme
instanceKlass com/sun/jersey/api/client/RequestWriter$RequestEntityWriter
instanceKlass com/sun/jersey/api/client/RequestWriter
instanceKlass org/apache/http/cookie/CookieIdentityComparator
instanceKlass org/apache/http/impl/client/BasicCookieStore
instanceKlass org/apache/http/util/VersionInfo
instanceKlass org/apache/http/params/HttpConnectionParams
instanceKlass org/apache/http/params/CoreConnectionPNames
instanceKlass org/apache/http/Consts
instanceKlass org/apache/http/protocol/HTTP
instanceKlass org/apache/http/params/HttpProtocolParams
instanceKlass org/apache/http/params/CoreProtocolPNames
instanceKlass org/apache/http/params/AbstractHttpParams
instanceKlass org/apache/http/params/HttpParamsNames
instanceKlass org/apache/http/ProtocolVersion
instanceKlass org/apache/http/client/RequestDirector
instanceKlass org/apache/http/protocol/HttpProcessor
instanceKlass org/apache/http/HttpResponseInterceptor
instanceKlass org/apache/http/HttpRequestInterceptor
instanceKlass org/apache/http/client/RedirectStrategy
instanceKlass org/apache/http/client/UserTokenHandler
instanceKlass org/apache/http/conn/routing/HttpRoutePlanner
instanceKlass org/apache/http/client/CredentialsProvider
instanceKlass org/apache/http/client/RedirectHandler
instanceKlass org/apache/http/client/HttpRequestRetryHandler
instanceKlass org/apache/http/ConnectionReuseStrategy
instanceKlass org/apache/http/cookie/CookieSpecFactory
instanceKlass org/apache/http/auth/AuthSchemeFactory
instanceKlass org/apache/http/client/AuthenticationHandler
instanceKlass org/apache/http/client/AuthenticationStrategy
instanceKlass org/apache/http/conn/ConnectionKeepAliveStrategy
instanceKlass org/apache/http/protocol/HttpContext
instanceKlass org/apache/http/params/HttpParams
instanceKlass org/apache/http/HttpRequest
instanceKlass org/apache/http/HttpResponse
instanceKlass org/apache/http/HttpMessage
instanceKlass org/apache/http/impl/client/CloseableHttpClient
instanceKlass org/apache/http/client/HttpClient
instanceKlass org/apache/http/client/CookieStore
instanceKlass org/apache/http/auth/Credentials
instanceKlass com/sun/jersey/spi/MessageBodyWorkers
instanceKlass javax/ws/rs/ext/Providers
instanceKlass com/sun/jersey/spi/inject/InjectableProvider
instanceKlass com/sun/jersey/core/spi/component/ProviderFactory
instanceKlass com/sun/jersey/core/spi/component/ComponentProviderFactory
instanceKlass com/sun/jersey/spi/inject/InjectableProviderContext
instanceKlass com/sun/jersey/core/spi/component/ioc/IoCComponentProcessorFactory
instanceKlass com/sun/jersey/core/util/LazyVal
instanceKlass com/sun/jersey/spi/inject/Errors$Closure
instanceKlass com/netflix/discovery/shared/transport/jersey/EurekaJerseyClientImpl
instanceKlass com/netflix/discovery/util/DiscoveryBuildInfo
instanceKlass com/thoughtworks/xstream/mapper/ImplicitCollectionMapper$NamedItemType
instanceKlass com/thoughtworks/xstream/mapper/ImplicitCollectionMapper$ImplicitCollectionMappingImpl
instanceKlass com/thoughtworks/xstream/mapper/Mapper$ImplicitCollectionMapping
instanceKlass com/thoughtworks/xstream/mapper/ImplicitCollectionMapper$ImplicitCollectionMapperForClass
instanceKlass com/fasterxml/jackson/databind/jsontype/impl/TypeIdResolverBase
instanceKlass com/fasterxml/jackson/databind/jsontype/TypeIdResolver
instanceKlass com/fasterxml/jackson/databind/annotation/JsonTypeIdResolver
instanceKlass com/netflix/discovery/converters/Auto
instanceKlass com/thoughtworks/xstream/annotations/XStreamOmitField
instanceKlass com/thoughtworks/xstream/annotations/XStreamImplicit
instanceKlass com/thoughtworks/xstream/annotations/XStreamAsAttribute
instanceKlass com/thoughtworks/xstream/annotations/XStreamImplicitCollection
instanceKlass com/thoughtworks/xstream/annotations/XStreamAliasType
instanceKlass com/thoughtworks/xstream/annotations/XStreamConverter
instanceKlass com/thoughtworks/xstream/annotations/XStreamConverters
instanceKlass com/thoughtworks/xstream/annotations/XStreamInclude
instanceKlass com/netflix/discovery/converters/Converters$MetadataConverter
instanceKlass com/netflix/discovery/converters/Converters$LeaseInfoConverter
instanceKlass com/netflix/discovery/converters/Converters$InstanceInfoConverter
instanceKlass com/netflix/discovery/converters/Converters$DataCenterInfoConverter
instanceKlass com/netflix/discovery/converters/Converters$ApplicationsConverter
instanceKlass com/netflix/discovery/converters/Converters$ApplicationConverter
instanceKlass com/thoughtworks/xstream/core/TreeMarshaller
instanceKlass com/thoughtworks/xstream/converters/MarshallingContext
instanceKlass com/thoughtworks/xstream/core/TreeUnmarshaller
instanceKlass com/thoughtworks/xstream/converters/UnmarshallingContext
instanceKlass com/thoughtworks/xstream/core/AbstractTreeMarshallingStrategy
instanceKlass com/thoughtworks/xstream/core/util/SelfStreamingInstanceChecker
instanceKlass com/thoughtworks/xstream/converters/extended/ActivationDataFlavorConverter
instanceKlass com/thoughtworks/xstream/converters/enums/EnumSetConverter
instanceKlass com/thoughtworks/xstream/converters/enums/EnumConverter
instanceKlass javax/xml/datatype/SecuritySupport$1
instanceKlass javax/xml/datatype/FactoryFinder$1
instanceKlass javax/xml/datatype/SecuritySupport$5
instanceKlass javax/xml/datatype/SecuritySupport$2
instanceKlass javax/xml/datatype/SecuritySupport
instanceKlass javax/xml/datatype/FactoryFinder
instanceKlass com/thoughtworks/xstream/converters/extended/DurationConverter$1
instanceKlass javax/xml/datatype/DatatypeFactory
instanceKlass com/thoughtworks/xstream/converters/extended/RegexPatternConverter
instanceKlass com/thoughtworks/xstream/converters/extended/StackTraceElementFactory
instanceKlass com/thoughtworks/xstream/converters/extended/ThrowableConverter
instanceKlass com/thoughtworks/xstream/converters/extended/GregorianCalendarConverter
instanceKlass com/thoughtworks/xstream/converters/extended/ColorConverter
instanceKlass com/thoughtworks/xstream/converters/extended/FontConverter
instanceKlass com/thoughtworks/xstream/converters/extended/JavaFieldConverter
instanceKlass com/thoughtworks/xstream/converters/extended/JavaMethodConverter
instanceKlass com/thoughtworks/xstream/converters/extended/DynamicProxyConverter$1
instanceKlass com/thoughtworks/xstream/converters/extended/DynamicProxyConverter
instanceKlass com/thoughtworks/xstream/core/util/Base64Encoder
instanceKlass com/thoughtworks/xstream/converters/extended/EncodedByteArrayConverter
instanceKlass com/thoughtworks/xstream/converters/collections/PropertiesConverter
instanceKlass com/thoughtworks/xstream/core/util/Fields
instanceKlass com/thoughtworks/xstream/converters/collections/CharArrayConverter
instanceKlass com/thoughtworks/xstream/converters/collections/AbstractCollectionConverter
instanceKlass com/thoughtworks/xstream/converters/collections/BitSetConverter
instanceKlass com/thoughtworks/xstream/core/util/ThreadSafeSimpleDateFormat$1
instanceKlass com/thoughtworks/xstream/core/util/Pool
instanceKlass com/thoughtworks/xstream/core/util/Pool$Factory
instanceKlass com/thoughtworks/xstream/core/util/ThreadSafeSimpleDateFormat
instanceKlass sun/util/calendar/Era
instanceKlass com/thoughtworks/xstream/core/util/WeakCache$Visitor
instanceKlass com/thoughtworks/xstream/converters/basic/CharConverter
instanceKlass com/thoughtworks/xstream/converters/basic/AbstractSingleValueConverter
instanceKlass com/thoughtworks/xstream/converters/basic/NullConverter
instanceKlass com/thoughtworks/xstream/converters/reflection/ExternalizableConverter
instanceKlass com/thoughtworks/xstream/converters/reflection/ReflectionProviderWrapper
instanceKlass java/util/WeakHashMap$HashIterator
instanceKlass com/thoughtworks/xstream/core/util/PrioritizedList$PrioritizedItem
instanceKlass com/thoughtworks/xstream/core/util/FastField
instanceKlass com/thoughtworks/xstream/core/util/SerializationMembers$1
instanceKlass com/thoughtworks/xstream/core/util/SerializationMembers
instanceKlass com/thoughtworks/xstream/converters/reflection/SerializationMethodInvoker
instanceKlass java/beans/EventHandler
instanceKlass com/thoughtworks/xstream/converters/reflection/ReflectionProvider$Visitor
instanceKlass com/thoughtworks/xstream/converters/reflection/AbstractReflectionConverter
instanceKlass java/lang/invoke/SerializedLambda
instanceKlass javax/xml/datatype/Duration
instanceKlass sun/awt/image/SurfaceManager
instanceKlass sun/awt/image/SurfaceManager$ImageAccessor
instanceKlass java/awt/ImageCapabilities
instanceKlass java/awt/Image
instanceKlass java/awt/datatransfer/MimeType
instanceKlass java/awt/datatransfer/MimeTypeParameterList
instanceKlass java/awt/datatransfer/DataFlavor
instanceKlass java/awt/Font
instanceKlass com/thoughtworks/xstream/security/NoTypePermission
instanceKlass com/thoughtworks/xstream/security/AnyTypePermission
instanceKlass com/thoughtworks/xstream/core/util/TypedNull
instanceKlass com/thoughtworks/xstream/converters/SingleValueConverterWrapper
instanceKlass com/thoughtworks/xstream/mapper/AnnotationConfiguration
instanceKlass com/thoughtworks/xstream/mapper/Mapper$Null
instanceKlass com/thoughtworks/xstream/mapper/PackageAliasingMapper$1
instanceKlass com/thoughtworks/xstream/XStream$2
instanceKlass com/thoughtworks/xstream/XStream$1
instanceKlass com/thoughtworks/xstream/core/util/PrioritizedList
instanceKlass com/thoughtworks/xstream/core/DefaultConverterLookup
instanceKlass com/thoughtworks/xstream/core/ClassLoaderReference
instanceKlass javax/swing/LookAndFeel
instanceKlass java/awt/Color
instanceKlass java/awt/Paint
instanceKlass java/awt/Transparency
instanceKlass com/thoughtworks/xstream/core/util/FastStack
instanceKlass java/io/ObjectOutputStream$PutField
instanceKlass java/text/CalendarBuilder
instanceKlass java/text/ParsePosition
instanceKlass com/thoughtworks/xstream/core/util/PresortedSet
instanceKlass com/thoughtworks/xstream/core/util/PresortedMap$1
instanceKlass com/thoughtworks/xstream/core/util/PresortedMap
instanceKlass com/thoughtworks/xstream/core/JVM$1
instanceKlass com/thoughtworks/xstream/converters/reflection/ImmutableFieldKeySorter
instanceKlass com/thoughtworks/xstream/converters/reflection/FieldDictionary$DictionaryEntry
instanceKlass com/thoughtworks/xstream/converters/reflection/FieldKey
instanceKlass com/thoughtworks/xstream/converters/reflection/FieldDictionary
instanceKlass com/thoughtworks/xstream/core/util/DependencyInjectionFactory
instanceKlass com/thoughtworks/xstream/converters/reflection/FieldKeySorter
instanceKlass com/thoughtworks/xstream/converters/reflection/PureJavaReflectionProvider
instanceKlass com/thoughtworks/xstream/converters/reflection/ReflectionProvider
instanceKlass com/thoughtworks/xstream/core/JVM$Test
instanceKlass com/thoughtworks/xstream/core/JVM
instanceKlass com/thoughtworks/xstream/core/Caching
instanceKlass com/thoughtworks/xstream/io/xml/XmlFriendlyNameCoder$IntPair
instanceKlass com/thoughtworks/xstream/io/xml/XmlFriendlyNameCoder
instanceKlass com/thoughtworks/xstream/io/HierarchicalStreamReader
instanceKlass com/thoughtworks/xstream/converters/ErrorReporter
instanceKlass com/thoughtworks/xstream/io/HierarchicalStreamWriter
instanceKlass com/thoughtworks/xstream/io/AbstractDriver
instanceKlass com/thoughtworks/xstream/io/naming/NameCoder
instanceKlass com/thoughtworks/xstream/converters/ConverterRegistry
instanceKlass com/thoughtworks/xstream/converters/ConverterLookup
instanceKlass com/thoughtworks/xstream/io/HierarchicalStreamDriver
instanceKlass com/thoughtworks/xstream/converters/ErrorWriter
instanceKlass com/thoughtworks/xstream/mapper/MapperWrapper
instanceKlass com/thoughtworks/xstream/mapper/DefaultMapper
instanceKlass com/thoughtworks/xstream/mapper/Mapper
instanceKlass com/thoughtworks/xstream/converters/SingleValueConverter
instanceKlass com/thoughtworks/xstream/converters/DataHolder
instanceKlass com/thoughtworks/xstream/MarshallingStrategy
instanceKlass com/thoughtworks/xstream/converters/Converter
instanceKlass com/thoughtworks/xstream/converters/ConverterMatcher
instanceKlass com/thoughtworks/xstream/core/util/CustomObjectOutputStream$StreamCallback
instanceKlass com/thoughtworks/xstream/core/util/CustomObjectInputStream$StreamCallback
instanceKlass com/thoughtworks/xstream/security/TypePermission
instanceKlass com/thoughtworks/xstream/XStream
instanceKlass com/fasterxml/jackson/databind/util/TypeKey
instanceKlass com/fasterxml/jackson/databind/ser/impl/ReadOnlyClassToSerializerMap$Bucket
instanceKlass com/fasterxml/jackson/databind/ser/impl/ReadOnlyClassToSerializerMap
instanceKlass com/fasterxml/jackson/databind/ObjectWriter$Prefetch
instanceKlass com/fasterxml/jackson/databind/ObjectWriter$GeneratorSettings
instanceKlass com/fasterxml/jackson/core/util/MinimalPrettyPrinter
instanceKlass com/fasterxml/jackson/databind/annotation/JsonTypeResolver
instanceKlass com/fasterxml/jackson/databind/util/ArrayIterator
instanceKlass com/fasterxml/jackson/annotation/JsonIdentityInfo
instanceKlass com/fasterxml/jackson/databind/introspect/POJOPropertiesCollector
instanceKlass com/fasterxml/jackson/annotation/JacksonAnnotationsInside
instanceKlass com/fasterxml/jackson/annotation/JsonRootName
instanceKlass com/thoughtworks/xstream/annotations/XStreamAlias
instanceKlass com/netflix/discovery/provider/Serializer
instanceKlass com/netflix/appinfo/providers/EurekaConfigBasedInstanceInfoProvider
instanceKlass com/google/inject/Provider
instanceKlass com/google/inject/ProvidedBy
instanceKlass com/fasterxml/jackson/databind/util/ClassUtil$EmptyIterator
instanceKlass com/fasterxml/jackson/databind/util/ClassUtil$Ctor
instanceKlass com/fasterxml/jackson/databind/util/ClassUtil
instanceKlass com/fasterxml/jackson/databind/type/ClassStack
instanceKlass com/fasterxml/jackson/core/filter/TokenFilter
instanceKlass com/fasterxml/jackson/databind/util/ArrayBuilders
instanceKlass com/netflix/discovery/DiscoveryManager
instanceKlass com/netflix/discovery/converters/EurekaJacksonCodec
instanceKlass com/netflix/discovery/provider/DiscoveryJerseyProvider
instanceKlass javax/ws/rs/ext/MessageBodyReader
instanceKlass javax/ws/rs/ext/MessageBodyWriter
instanceKlass com/netflix/servo/monitor/Datapoint
instanceKlass org/apache/http/impl/conn/tsccm/WaitingThread
instanceKlass com/netflix/servo/tag/SortedTagList$Builder
instanceKlass com/netflix/servo/tag/SortedTagList
instanceKlass com/netflix/servo/annotations/Monitor
instanceKlass org/apache/http/impl/conn/tsccm/RouteSpecificPool
instanceKlass org/apache/http/impl/conn/tsccm/WaitingThreadAborter
instanceKlass org/apache/http/conn/routing/HttpRoute
instanceKlass org/apache/http/conn/routing/RouteInfo
instanceKlass org/apache/http/impl/conn/AbstractPoolEntry
instanceKlass com/netflix/servo/annotations/MonitorTags
instanceKlass org/apache/http/impl/conn/IdleConnectionHandler
instanceKlass org/apache/http/impl/conn/tsccm/PoolEntryRequest
instanceKlass org/apache/http/impl/conn/SystemDefaultDnsResolver
instanceKlass org/apache/http/conn/OperatedClientConnection
instanceKlass org/apache/http/HttpInetConnection
instanceKlass org/apache/http/HttpClientConnection
instanceKlass org/apache/http/HttpConnection
instanceKlass org/apache/http/conn/DnsResolver
instanceKlass org/apache/http/impl/conn/DefaultClientConnectionOperator
instanceKlass org/apache/http/conn/params/ConnPerRouteBean
instanceKlass javax/net/SocketFactory
instanceKlass sun/security/krb5/Realm
instanceKlass sun/security/krb5/PrincipalName
instanceKlass sun/security/ssl/JsseJce$1
instanceKlass sun/security/ssl/JsseJce
instanceKlass sun/security/validator/KeyStores
instanceKlass javax/net/ssl/X509ExtendedTrustManager
instanceKlass javax/net/ssl/X509TrustManager
instanceKlass javax/net/ssl/TrustManager
instanceKlass sun/security/x509/AccessDescription
instanceKlass sun/security/x509/CertificatePolicyMap
instanceKlass sun/security/util/ECUtil
instanceKlass java/security/interfaces/ECPublicKey
instanceKlass java/security/interfaces/ECKey
instanceKlass sun/security/x509/DNSName
instanceKlass sun/security/x509/URIName
instanceKlass sun/security/x509/DistributionPoint
instanceKlass java/security/cert/PolicyQualifierInfo
instanceKlass sun/security/x509/CertificatePolicyId
instanceKlass sun/security/x509/PolicyInformation
instanceKlass sun/security/provider/JavaKeyStore$TrustedCertEntry
instanceKlass sun/security/provider/KeyStoreDelegator$1
instanceKlass java/security/KeyStoreSpi
instanceKlass sun/security/ssl/TrustManagerFactoryImpl$1
instanceKlass java/security/KeyStore$1
instanceKlass java/security/KeyStore
instanceKlass sun/security/ssl/TrustManagerFactoryImpl$2
instanceKlass javax/net/ssl/TrustManagerFactorySpi
instanceKlass javax/net/ssl/TrustManagerFactory$1
instanceKlass javax/net/ssl/TrustManagerFactory
instanceKlass javax/net/ssl/X509ExtendedKeyManager
instanceKlass javax/net/ssl/X509KeyManager
instanceKlass javax/net/ssl/KeyManager
instanceKlass sun/security/ssl/SSLSessionContextImpl$1
instanceKlass sun/security/ssl/SSLSessionContextImpl
instanceKlass javax/net/ssl/SSLSessionContext
instanceKlass sun/security/ssl/EphemeralKeyManager$EphemeralKeyPair
instanceKlass sun/security/ssl/EphemeralKeyManager
instanceKlass sun/security/util/DisabledAlgorithmConstraints$1
instanceKlass sun/security/util/DisabledAlgorithmConstraints$KeySizeConstraint
instanceKlass sun/security/util/DisabledAlgorithmConstraints$KeySizeConstraints
instanceKlass java/lang/invoke/LambdaForm$MH
instanceKlass sun/security/util/AbstractAlgorithmConstraints$$Lambda$7
instanceKlass sun/security/util/AlgorithmDecomposer
instanceKlass sun/security/util/AbstractAlgorithmConstraints
instanceKlass sun/security/ssl/SSLAlgorithmConstraints
instanceKlass java/security/AlgorithmConstraints
instanceKlass sun/security/ssl/ProtocolVersion
instanceKlass javax/net/ssl/SSLParameters
instanceKlass sun/security/ssl/Debug
instanceKlass sun/security/ssl/SunJSSE$1
instanceKlass java/security/spec/ECFieldF2m
instanceKlass java/security/spec/ECParameterSpec
instanceKlass java/security/spec/AlgorithmParameterSpec
instanceKlass java/security/spec/ECPoint
instanceKlass java/security/spec/EllipticCurve
instanceKlass java/security/spec/ECFieldFp
instanceKlass java/security/spec/ECField
instanceKlass sun/security/ec/CurveDB
instanceKlass sun/security/ec/SunECEntries
instanceKlass sun/security/ec/SunEC$1
instanceKlass sun/security/util/ManifestEntryVerifier$SunProviderHolder
instanceKlass java/util/Base64$Encoder
instanceKlass java/util/Base64$Decoder
instanceKlass java/util/Base64
instanceKlass java/security/cert/CertPath
instanceKlass java/math/MutableBigInteger
instanceKlass sun/security/rsa/RSAPadding
instanceKlass sun/security/rsa/RSACore
instanceKlass sun/text/normalizer/NormalizerBase$1
instanceKlass sun/text/normalizer/NormalizerBase$QuickCheckResult
instanceKlass sun/text/normalizer/NormalizerBase$Mode
instanceKlass sun/text/normalizer/NormalizerBase
instanceKlass java/text/Normalizer
instanceKlass sun/security/pkcs/PKCS9Attribute
instanceKlass sun/security/x509/AVAKeyword
instanceKlass sun/security/jca/ServiceId
instanceKlass java/security/SignatureSpi
instanceKlass sun/security/pkcs/SignerInfo
instanceKlass java/security/interfaces/DSAPublicKey
instanceKlass java/security/interfaces/DSAKey
instanceKlass java/security/spec/DSAPublicKeySpec
instanceKlass java/security/AlgorithmParametersSpi
instanceKlass java/security/AlgorithmParameters
instanceKlass sun/security/util/MemoryCache$CacheEntry
instanceKlass sun/security/x509/X509AttributeName
instanceKlass sun/security/x509/RFC822Name
instanceKlass sun/security/x509/GeneralName
instanceKlass sun/security/x509/GeneralNames
instanceKlass sun/security/x509/KeyIdentifier
instanceKlass sun/security/x509/NetscapeCertTypeExtension$MapEntry
instanceKlass sun/security/x509/OIDMap$OIDInfo
instanceKlass sun/security/x509/PKIXExtensions
instanceKlass sun/security/x509/OIDMap
instanceKlass sun/security/x509/Extension
instanceKlass java/security/cert/Extension
instanceKlass sun/security/x509/CertificateExtensions
instanceKlass sun/security/pkcs/PKCS8Key
instanceKlass java/security/interfaces/RSAPrivateCrtKey
instanceKlass java/security/interfaces/RSAPrivateKey
instanceKlass java/security/PrivateKey
instanceKlass javax/security/auth/Destroyable
instanceKlass java/security/interfaces/RSAPublicKey
instanceKlass java/security/interfaces/RSAKey
instanceKlass java/security/spec/RSAPrivateKeySpec
instanceKlass java/security/spec/RSAPublicKeySpec
instanceKlass java/security/KeyFactorySpi
instanceKlass sun/security/jca/ProviderList$ServiceList$1
instanceKlass java/security/KeyFactory
instanceKlass java/security/spec/EncodedKeySpec
instanceKlass java/security/spec/KeySpec
instanceKlass sun/security/util/BitArray
instanceKlass sun/security/x509/X509Key
instanceKlass java/security/PublicKey
instanceKlass java/security/Key
instanceKlass sun/security/x509/CertificateX509Key
instanceKlass sun/security/x509/CertificateValidity
instanceKlass sun/security/x509/AVA
instanceKlass sun/security/x509/RDN
instanceKlass javax/security/auth/x500/X500Principal
instanceKlass sun/security/x509/X500Name$1
instanceKlass sun/security/x509/X500Name
instanceKlass sun/security/x509/GeneralNameInterface
instanceKlass sun/security/x509/CertificateAlgorithmId
instanceKlass sun/security/x509/SerialNumber
instanceKlass sun/security/x509/CertificateSerialNumber
instanceKlass sun/security/x509/CertificateVersion
instanceKlass sun/security/x509/X509CertInfo
instanceKlass sun/security/x509/CertAttrSet
instanceKlass sun/security/util/Cache$EqualByteArray
instanceKlass sun/security/util/Cache
instanceKlass java/security/cert/CertificateFactorySpi
instanceKlass java/security/cert/CertificateFactory
instanceKlass sun/security/x509/AlgorithmId
instanceKlass sun/security/util/ByteArrayTagOrder
instanceKlass sun/security/util/ByteArrayLexOrder
instanceKlass sun/security/util/DerEncoder
instanceKlass sun/security/util/DerValue
instanceKlass sun/security/util/ObjectIdentifier
instanceKlass sun/security/pkcs/ContentInfo
instanceKlass sun/security/util/DerIndefLenConverter
instanceKlass sun/security/util/DerInputStream
instanceKlass sun/security/pkcs/PKCS7
instanceKlass sun/security/util/ManifestDigester$Entry
instanceKlass sun/security/util/ManifestDigester$Position
instanceKlass sun/security/util/ManifestDigester
instanceKlass sun/security/rsa/SunRsaSignEntries
instanceKlass javax/net/ssl/SSLContextSpi
instanceKlass javax/net/ssl/SSLContext
instanceKlass org/apache/http/conn/ssl/SSLContexts
instanceKlass org/apache/http/conn/ssl/AbstractVerifier
instanceKlass org/apache/http/conn/ssl/SSLSocketFactory
instanceKlass org/apache/http/conn/scheme/LayeredSocketFactory
instanceKlass org/apache/http/conn/socket/LayeredConnectionSocketFactory
instanceKlass org/apache/http/conn/socket/ConnectionSocketFactory
instanceKlass org/apache/http/conn/scheme/LayeredSchemeSocketFactory
instanceKlass org/apache/http/conn/scheme/SchemeLayeredSocketFactory
instanceKlass org/apache/http/util/Args
instanceKlass org/apache/http/conn/scheme/PlainSocketFactory
instanceKlass org/apache/http/conn/scheme/SocketFactory
instanceKlass org/apache/http/conn/scheme/Scheme
instanceKlass org/apache/http/conn/scheme/SchemeRegistry
instanceKlass org/apache/http/impl/conn/SchemeRegistryFactory
instanceKlass org/apache/http/conn/ClientConnectionOperator
instanceKlass org/apache/http/conn/ClientConnectionRequest
instanceKlass org/apache/http/conn/params/ConnPerRoute
instanceKlass org/apache/http/impl/conn/tsccm/AbstractConnPool
instanceKlass org/apache/http/impl/conn/tsccm/ThreadSafeClientConnManager
instanceKlass org/apache/http/conn/ClientConnectionManager
instanceKlass com/sun/jersey/api/client/config/DefaultClientConfig
instanceKlass com/sun/jersey/client/apache4/config/ApacheHttpClient4Config
instanceKlass com/netflix/discovery/shared/transport/jersey/EurekaJerseyClientImpl$EurekaJerseyClientBuilder
instanceKlass com/netflix/discovery/converters/wrappers/CodecWrappers$1
instanceKlass org/apache/http/conn/scheme/SchemeSocketFactory
instanceKlass org/apache/http/conn/ssl/X509HostnameVerifier
instanceKlass javax/net/ssl/HostnameVerifier
instanceKlass com/sun/jersey/api/client/config/ClientConfig
instanceKlass com/sun/jersey/core/util/FeaturesAndProperties
instanceKlass com/netflix/discovery/shared/transport/EurekaClientFactoryBuilder
instanceKlass com/netflix/discovery/shared/transport/EurekaHttpClient
instanceKlass com/sun/jersey/api/client/filter/Filterable
instanceKlass com/netflix/discovery/shared/transport/jersey/JerseyEurekaHttpClientFactory
instanceKlass com/netflix/appinfo/AbstractEurekaIdentity
instanceKlass com/netflix/discovery/shared/transport/TransportClientFactory
instanceKlass com/netflix/discovery/shared/transport/jersey/TransportClientFactories
instanceKlass com/netflix/discovery/DiscoveryClient$EurekaTransport
instanceKlass com/google/common/util/concurrent/ThreadFactoryBuilder$1
instanceKlass com/google/common/util/concurrent/ThreadFactoryBuilder
instanceKlass com/netflix/discovery/util/ThresholdLevelsMetric
instanceKlass com/netflix/discovery/endpoint/EndpointUtils$InstanceInfoBasedUrlRandomizer
instanceKlass com/netflix/servo/util/UnmodifiableList
instanceKlass com/netflix/servo/monitor/Gauge
instanceKlass com/netflix/servo/monitor/Pollers
instanceKlass com/netflix/servo/monitor/StepLong
instanceKlass com/google/common/collect/MapMakerInternalMap$StrongValueReference
instanceKlass com/netflix/servo/tag/BasicTag
instanceKlass com/google/common/collect/MapMaker$RemovalListener
instanceKlass com/google/common/base/Ticker
instanceKlass com/google/common/base/MoreObjects
instanceKlass com/google/common/collect/MapMakerInternalMap$1
instanceKlass com/google/common/collect/MapMakerInternalMap$ReferenceEntry
instanceKlass com/google/common/base/Predicate
instanceKlass com/google/common/base/Equivalence
instanceKlass com/google/common/base/Preconditions
instanceKlass com/google/common/collect/MapMakerInternalMap$ValueReference
instanceKlass com/google/common/collect/GenericMapMaker
instanceKlass com/google/common/collect/Interners$WeakInterner
instanceKlass com/google/common/collect/Interner
instanceKlass com/google/common/collect/Interners
instanceKlass com/netflix/servo/tag/Tags
instanceKlass com/netflix/servo/monitor/Stopwatch
instanceKlass com/netflix/servo/util/Clock
instanceKlass com/netflix/servo/tag/SmallTagMap$SmallTagIterator
instanceKlass com/netflix/servo/tag/SmallTagMap$Builder$1
instanceKlass com/netflix/servo/tag/BasicTagList
instanceKlass com/netflix/servo/util/Preconditions
instanceKlass com/netflix/servo/monitor/DefaultPublishingPolicy
instanceKlass com/netflix/servo/tag/SmallTagMap$Builder
instanceKlass com/netflix/servo/tag/SmallTagMap
instanceKlass com/netflix/servo/monitor/PublishingPolicy
instanceKlass com/netflix/servo/monitor/MonitorConfig$Builder
instanceKlass com/netflix/servo/monitor/Monitors$CounterFactory
instanceKlass com/netflix/servo/monitor/Counter
instanceKlass com/google/common/base/Function
instanceKlass com/netflix/discovery/BackupRegistry
instanceKlass com/netflix/discovery/DiscoveryClient$1
instanceKlass com/netflix/discovery/shared/resolver/ClusterResolver
instanceKlass com/netflix/discovery/shared/resolver/aws/ApplicationsResolver$ApplicationsSource
instanceKlass com/netflix/discovery/EurekaEvent
instanceKlass com/netflix/discovery/AzToRegionMapper
instanceKlass com/netflix/discovery/endpoint/EndpointUtils$ServiceUrlRandomizer
instanceKlass org/springframework/aop/framework/InterceptorAndDynamicMethodMatcher
instanceKlass org/springframework/aop/framework/ReflectiveMethodInvocation
instanceKlass org/springframework/aop/ProxyMethodInvocation
instanceKlass com/netflix/discovery/util/StringCache
instanceKlass com/netflix/appinfo/LeaseInfo
instanceKlass com/netflix/appinfo/LeaseInfo$Builder
instanceKlass org/springframework/cloud/netflix/eureka/InstanceInfoFactory
instanceKlass org/springframework/cloud/context/scope/GenericScope$BeanLifecycleWrapper
instanceKlass org/springframework/cloud/context/config/StandardBeanLifecycleDecorator
instanceKlass org/springframework/beans/factory/support/AbstractBeanFactory$2
instanceKlass org/springframework/context/support/DefaultLifecycleProcessor$LifecycleGroupMember
instanceKlass org/springframework/context/support/DefaultLifecycleProcessor$LifecycleGroup
instanceKlass org/springframework/boot/logging/logback/LevelRemappingAppender$RemappedLoggingEvent
instanceKlass org/springframework/boot/logging/logback/LevelRemappingAppender$AppendableLogger
instanceKlass org/springframework/jmx/export/annotation/ManagedMetric
instanceKlass org/springframework/jmx/export/notification/NotificationPublisherAware
instanceKlass org/springframework/jmx/export/metadata/ManagedNotification
instanceKlass org/springframework/jmx/export/annotation/ManagedNotifications
instanceKlass org/springframework/jmx/export/annotation/ManagedNotification
instanceKlass org/springframework/jmx/export/metadata/ManagedOperationParameter
instanceKlass org/springframework/core/annotation/AnnotationUtils$AnnotationCollector
instanceKlass org/springframework/jmx/export/annotation/ManagedOperationParameters
instanceKlass org/springframework/jmx/export/annotation/ManagedOperationParameter
instanceKlass javax/management/modelmbean/DescriptorSupport
instanceKlass javax/management/DescriptorAccess
instanceKlass org/springframework/jmx/support/ObjectNameManager
instanceKlass org/springframework/jmx/export/naming/SelfNaming
instanceKlass org/springframework/beans/annotation/AnnotationBeanUtils
instanceKlass org/springframework/jmx/export/metadata/AbstractJmxAttribute
instanceKlass org/springframework/jmx/export/MBeanExporter$1
instanceKlass org/springframework/jmx/export/MBeanExporter$2
instanceKlass org/springframework/context/expression/AnnotatedElementKey
instanceKlass org/springframework/context/event/ApplicationListenerMethodAdapter
instanceKlass org/springframework/transaction/event/TransactionalEventListener
instanceKlass org/apache/commons/lang/text/StrSubstitutor
instanceKlass com/netflix/config/DynamicProperty$DynamicPropertyListener
instanceKlass com/netflix/config/PropertyListener
instanceKlass com/netflix/config/DynamicProperty$CachedValue
instanceKlass com/netflix/config/DynamicProperty
instanceKlass com/netflix/config/ConfigurationBackedDynamicPropertySupportImpl
instanceKlass com/netflix/config/DynamicPropertySupport
instanceKlass com/netflix/config/PropertyWrapper
instanceKlass com/netflix/config/Property
instanceKlass com/netflix/config/DynamicPropertyFactory
instanceKlass com/netflix/config/ExpandedConfigurationListenerAdapter
instanceKlass org/apache/commons/configuration/PropertyConverter
instanceKlass com/netflix/config/ConfigurationBasedDeploymentContext$1
instanceKlass com/netflix/config/SimpleDeploymentContext
instanceKlass com/netflix/config/DeploymentContext
instanceKlass com/netflix/config/ConfigurationManager
instanceKlass org/apache/commons/configuration/FileSystemBased
instanceKlass org/apache/commons/configuration/FileConfiguration
instanceKlass com/netflix/config/sources/URLConfigurationSource
instanceKlass com/netflix/config/PolledConfigurationSource
instanceKlass com/netflix/config/AbstractPollingScheduler
instanceKlass com/netflix/config/ConcurrentCompositeConfiguration$1
instanceKlass org/apache/commons/logging/impl/NoOpLog
instanceKlass org/apache/commons/lang/exception/Nestable
instanceKlass org/apache/commons/lang/text/StrLookup
instanceKlass org/apache/commons/configuration/event/ConfigurationErrorListener
instanceKlass org/springframework/cloud/client/loadbalancer/LoadBalancerAutoConfiguration$1
instanceKlass org/springframework/cloud/client/loadbalancer/LoadBalancerAutoConfiguration$2
instanceKlass org/springframework/http/client/ClientHttpRequestExecution
instanceKlass org/springframework/cloud/client/loadbalancer/LoadBalanced
instanceKlass com/netflix/loadbalancer/ServerListFilter
instanceKlass com/netflix/loadbalancer/IRule
instanceKlass com/netflix/loadbalancer/IPing
instanceKlass com/netflix/loadbalancer/Server
instanceKlass org/springframework/cloud/client/loadbalancer/LoadBalancerRequest
instanceKlass org/springframework/cloud/netflix/ribbon/ServerIntrospector
instanceKlass org/springframework/cloud/netflix/ribbon/RibbonLoadBalancerClient
instanceKlass com/netflix/loadbalancer/LoadBalancerContext
instanceKlass com/netflix/client/config/IClientConfig
instanceKlass org/springframework/cloud/netflix/ribbon/RibbonClientConfiguration
instanceKlass org/springframework/http/client/support/BasicAuthorizationInterceptor
instanceKlass org/springframework/web/client/ResponseErrorHandler
instanceKlass org/springframework/web/util/UriTemplateHandler
instanceKlass org/springframework/http/client/ClientHttpRequestFactory
instanceKlass org/springframework/boot/web/client/RestTemplateCustomizer
instanceKlass org/springframework/web/multipart/MultipartHttpServletRequest
instanceKlass org/springframework/web/multipart/MultipartRequest
instanceKlass org/springframework/jdbc/core/namedparam/ParsedSql
instanceKlass org/springframework/jdbc/core/namedparam/SqlParameterSource
instanceKlass org/springframework/jdbc/core/ParameterizedPreparedStatementSetter
instanceKlass org/springframework/jdbc/core/BatchPreparedStatementSetter
instanceKlass org/springframework/jdbc/support/rowset/SqlRowSet
instanceKlass org/springframework/jdbc/core/RowCallbackHandler
instanceKlass org/springframework/jdbc/support/KeyHolder
instanceKlass org/springframework/jdbc/support/nativejdbc/NativeJdbcExtractor
instanceKlass org/springframework/boot/admin/SpringApplicationAdminMXBeanRegistrar$SpringApplicationAdmin
instanceKlass org/springframework/boot/admin/SpringApplicationAdminMXBean
instanceKlass org/springframework/boot/actuate/metrics/export/AbstractMetricExporter
instanceKlass org/springframework/boot/actuate/metrics/export/MetricExporters
instanceKlass org/springframework/boot/actuate/metrics/export/Exporter
instanceKlass org/springframework/boot/actuate/endpoint/MetricsEndpointMetricReader
instanceKlass org/springframework/boot/actuate/metrics/export/MetricExportProperties$Statsd
instanceKlass org/springframework/boot/actuate/metrics/export/MetricExportProperties$Redis
instanceKlass org/springframework/boot/actuate/metrics/export/MetricExportProperties$Aggregate
instanceKlass org/springframework/util/DigestUtils
instanceKlass org/springframework/boot/actuate/autoconfigure/EndpointWebMvcAutoConfiguration$1
instanceKlass java/awt/Component
instanceKlass java/awt/MenuContainer
instanceKlass java/awt/image/ImageObserver
instanceKlass org/springframework/cloud/context/restart/RestartEndpoint$IntegrationShutdown
instanceKlass org/springframework/web/bind/annotation/PathVariable
instanceKlass org/springframework/boot/actuate/endpoint/jmx/EndpointMBean
instanceKlass com/fasterxml/jackson/databind/ser/impl/SimpleBeanPropertyFilter
instanceKlass com/fasterxml/jackson/databind/ser/PropertyFilter
instanceKlass com/fasterxml/jackson/databind/ser/BeanPropertyFilter
instanceKlass org/springframework/boot/actuate/endpoint/AutoConfigurationReportEndpoint$MessageAndCondition
instanceKlass org/springframework/boot/actuate/endpoint/AutoConfigurationReportEndpoint$Report
instanceKlass org/springframework/boot/actuate/endpoint/Sanitizer
instanceKlass org/springframework/boot/actuate/metrics/reader/CompositeMetricReader
instanceKlass org/springframework/jmx/support/NotificationListenerHolder
instanceKlass org/springframework/jmx/export/MBeanExporterListener
instanceKlass javax/management/Attribute
instanceKlass org/springframework/jmx/support/JmxUtils
instanceKlass org/springframework/jmx/support/MBeanServerFactoryBean
instanceKlass org/springframework/context/annotation/MBeanExportConfiguration
instanceKlass org/springframework/jmx/export/assembler/AutodetectCapableMBeanInfoAssembler
instanceKlass org/springframework/jmx/export/naming/KeyNamingStrategy
instanceKlass javax/management/modelmbean/ModelMBeanInfo
instanceKlass org/springframework/jmx/export/assembler/AbstractMBeanInfoAssembler
instanceKlass org/springframework/jmx/export/notification/NotificationPublisher
instanceKlass org/springframework/jmx/export/MBeanExporter$AutodetectCallback
instanceKlass javax/management/modelmbean/RequiredModelMBean
instanceKlass javax/management/modelmbean/ModelMBean
instanceKlass javax/management/PersistentMBean
instanceKlass org/springframework/jmx/export/assembler/MBeanInfoAssembler
instanceKlass org/springframework/jmx/export/annotation/AnnotationJmxAttributeSource
instanceKlass org/springframework/boot/actuate/metrics/Metric
instanceKlass com/netflix/servo/tag/Tag
instanceKlass com/netflix/servo/tag/TagList
instanceKlass org/springframework/cloud/netflix/metrics/servo/HierarchicalServoMetricNaming
instanceKlass com/google/gson/internal/bind/ReflectiveTypeAdapterFactory$BoundField
instanceKlass com/google/gson/internal/bind/ReflectiveTypeAdapterFactory
instanceKlass com/google/gson/internal/bind/JsonAdapterAnnotationTypeAdapterFactory
instanceKlass com/google/gson/internal/bind/MapTypeAdapterFactory
instanceKlass com/google/gson/internal/bind/CollectionTypeAdapterFactory
instanceKlass com/google/gson/internal/bind/ArrayTypeAdapter$1
instanceKlass com/google/gson/internal/bind/SqlDateTypeAdapter$1
instanceKlass com/google/gson/internal/bind/TimeTypeAdapter$1
instanceKlass com/google/gson/internal/bind/DateTypeAdapter$1
instanceKlass java/util/concurrent/atomic/AtomicLongArray
instanceKlass com/google/gson/internal/bind/ObjectTypeAdapter$1
instanceKlass com/google/gson/internal/bind/TypeAdapters$30
instanceKlass com/google/gson/internal/bind/TypeAdapters$34
instanceKlass com/google/gson/internal/bind/TypeAdapters$26
instanceKlass com/google/gson/internal/bind/TypeAdapters$35
instanceKlass java/util/concurrent/atomic/AtomicIntegerArray
instanceKlass com/google/gson/internal/bind/TypeAdapters$33
instanceKlass com/google/gson/internal/bind/TypeAdapters$32
instanceKlass com/google/gson/internal/bind/TypeAdapters
instanceKlass com/google/gson/internal/ObjectConstructor
instanceKlass com/google/gson/internal/ConstructorConstructor
instanceKlass com/google/gson/internal/Excluder
instanceKlass com/google/gson/internal/$Gson$Types
instanceKlass com/google/gson/stream/JsonReader
instanceKlass com/google/gson/stream/JsonWriter
instanceKlass com/google/gson/JsonElement
instanceKlass com/google/gson/TypeAdapterFactory
instanceKlass com/google/gson/TypeAdapter
instanceKlass com/google/gson/reflect/TypeToken
instanceKlass com/google/gson/FieldNamingStrategy
instanceKlass org/springframework/boot/actuate/info/Info$Builder
instanceKlass org/springframework/boot/bind/PropertySourcesBinder
instanceKlass org/springframework/jdbc/datasource/DelegatingDataSource
instanceKlass org/springframework/transaction/support/AbstractPlatformTransactionManager$SuspendedResourcesHolder
instanceKlass org/springframework/jdbc/datasource/JdbcTransactionObjectSupport
instanceKlass org/springframework/transaction/support/SmartTransactionObject
instanceKlass org/springframework/transaction/support/AbstractTransactionStatus
instanceKlass org/springframework/boot/actuate/audit/AuditEvent
instanceKlass org/springframework/cloud/client/actuator/FeaturesEndpoint$Feature
instanceKlass org/springframework/cloud/client/actuator/FeaturesEndpoint$Features
instanceKlass com/netflix/ribbon/Ribbon
instanceKlass org/springframework/cloud/client/actuator/NamedFeature
instanceKlass com/sun/jersey/api/client/filter/ClientFilter
instanceKlass com/sun/jersey/api/client/ClientHandler
instanceKlass com/google/inject/Inject
instanceKlass com/netflix/eventbus/spi/EventBus
instanceKlass com/netflix/discovery/shared/transport/jersey/EurekaJerseyClient
instanceKlass org/springframework/web/servlet/view/ContentNegotiatingViewResolver$1
instanceKlass org/springframework/web/servlet/view/AbstractCachingViewResolver$1
instanceKlass org/springframework/web/servlet/SmartView
instanceKlass org/springframework/web/servlet/resource/ResourceTransformer
instanceKlass org/springframework/web/servlet/view/ViewResolverComposite
instanceKlass org/springframework/web/servlet/config/annotation/UrlBasedViewResolverRegistration
